<?xml version="1.0" encoding="UTF-8"?>
<!-- Generated by org.testng.reporters.JUnitReportReporter -->
<testsuite hostname="DESKTOP-HGCGENQ" failures="0" tests="2" name="com.banking.obs.sampleTestCases.ApplyAccount" time="0.049" errors="0" timestamp="2023-08-16T14:48:35 IST" skipped="0">
  <testcase classname="com.banking.obs.sampleTestCases.ApplyAccount" name="createAccount" time="0.038"/>
  <testcase classname="com.banking.obs.sampleTestCases.ApplyAccount" name="deleteAccount" time="0.011"/>
</testsuite> <!-- com.banking.obs.sampleTestCases.ApplyAccount -->
