<?xml version="1.0" encoding="UTF-8"?>
<!-- Generated by org.testng.reporters.JUnitReportReporter -->
<testsuite hostname="DESKTOP-HGCGENQ" failures="0" tests="2" name="com.banking.obs.sampleTestCases.InternetBanking" time="0.022" errors="0" timestamp="2023-08-16T14:48:35 IST" skipped="0">
  <testcase classname="com.banking.obs.sampleTestCases.InternetBanking" name="registerInternetBanking" time="0.014"/>
  <testcase classname="com.banking.obs.sampleTestCases.InternetBanking" name="deleteInternetBanking" time="0.008"/>
</testsuite> <!-- com.banking.obs.sampleTestCases.InternetBanking -->
